INFO:29-12-2021 06:59:34:strava_service.py:check_for_token_refresh:20:Token needs to be refreshed!:strava_service
INFO:29-12-2021 06:59:34:strava_service.py:refresh_access_token:20:New access and refresh tokens are generated:strava_service
INFO:29-12-2021 07:00:16:strava_service.py:check_for_token_refresh:20:Token is still valid!:strava_service
INFO:29-12-2021 07:00:28:strava_service.py:check_for_token_refresh:20:Token is still valid!:strava_service
INFO:01-01-2022 08:28:38:strava_db_service.py:create_activity_table:20:Table activities was created successfully:strava_db_service
INFO:04-01-2022 06:55:33:strava_service.py:check_for_token_refresh:20:Token needs to be refreshed!:strava_service
INFO:04-01-2022 06:55:34:strava_service.py:refresh_access_token:20:New access and refresh tokens are generated:strava_service
INFO:04-01-2022 06:56:40:strava_service.py:check_for_token_refresh:20:Token is still valid!:strava_service
INFO:04-01-2022 06:56:55:strava_service.py:check_for_token_refresh:20:Token is still valid!:strava_service
INFO:04-01-2022 06:57:04:strava_service.py:check_for_token_refresh:20:Token is still valid!:strava_service
INFO:04-01-2022 07:34:02:strava_service.py:check_for_token_refresh:20:Token is still valid!:strava_service
INFO:04-01-2022 07:34:13:strava_service.py:check_for_token_refresh:20:Token is still valid!:strava_service
INFO:04-01-2022 07:40:15:strava_service.py:check_for_token_refresh:20:Token is still valid!:strava_service
INFO:04-01-2022 07:40:35:strava_service.py:check_for_token_refresh:20:Token is still valid!:strava_service
INFO:04-01-2022 07:40:55:strava_service.py:check_for_token_refresh:20:Token is still valid!:strava_service
INFO:04-01-2022 07:41:10:strava_service.py:check_for_token_refresh:20:Token is still valid!:strava_service
INFO:04-01-2022 07:41:20:strava_service.py:check_for_token_refresh:20:Token is still valid!:strava_service
INFO:04-01-2022 07:42:25:strava_service.py:check_for_token_refresh:20:Token is still valid!:strava_service
INFO:04-01-2022 07:42:53:strava_service.py:check_for_token_refresh:20:Token is still valid!:strava_service
INFO:04-01-2022 07:43:16:strava_service.py:check_for_token_refresh:20:Token is still valid!:strava_service
INFO:04-01-2022 07:43:30:strava_service.py:check_for_token_refresh:20:Token is still valid!:strava_service
INFO:04-01-2022 07:43:39:strava_service.py:check_for_token_refresh:20:Token is still valid!:strava_service
INFO:04-01-2022 07:50:32:strava_service.py:check_for_token_refresh:20:Token is still valid!:strava_service
INFO:04-01-2022 07:50:58:strava_service.py:check_for_token_refresh:20:Token is still valid!:strava_service
INFO:04-01-2022 07:52:29:strava_service.py:check_for_token_refresh:20:Token is still valid!:strava_service
INFO:04-01-2022 07:56:45:strava_service.py:check_for_token_refresh:20:Token is still valid!:strava_service
INFO:04-01-2022 07:56:59:strava_service.py:check_for_token_refresh:20:Token is still valid!:strava_service
INFO:04-01-2022 07:59:01:strava_service.py:check_for_token_refresh:20:Token is still valid!:strava_service
INFO:04-01-2022 08:00:00:strava_service.py:check_for_token_refresh:20:Token is still valid!:strava_service
INFO:04-01-2022 08:00:26:strava_service.py:check_for_token_refresh:20:Token is still valid!:strava_service
INFO:04-01-2022 08:02:18:strava_service.py:check_for_token_refresh:20:Token is still valid!:strava_service
INFO:04-01-2022 08:02:39:strava_service.py:check_for_token_refresh:20:Token is still valid!:strava_service
INFO:04-01-2022 08:03:26:strava_service.py:check_for_token_refresh:20:Token is still valid!:strava_service
INFO:04-01-2022 08:03:47:strava_service.py:check_for_token_refresh:20:Token is still valid!:strava_service
INFO:04-01-2022 08:04:13:strava_service.py:check_for_token_refresh:20:Token is still valid!:strava_service
INFO:04-01-2022 08:04:39:strava_service.py:check_for_token_refresh:20:Token is still valid!:strava_service
INFO:04-01-2022 08:05:28:strava_service.py:check_for_token_refresh:20:Token is still valid!:strava_service
INFO:04-01-2022 08:06:08:strava_service.py:check_for_token_refresh:20:Token is still valid!:strava_service
INFO:04-01-2022 08:13:52:strava_service.py:check_for_token_refresh:20:Token is still valid!:strava_service
INFO:04-01-2022 08:13:58:strava_service.py:check_for_token_refresh:20:Token is still valid!:strava_service
INFO:04-01-2022 08:16:59:strava_service.py:check_for_token_refresh:20:Token is still valid!:strava_service
INFO:04-01-2022 08:40:05:strava_service.py:check_for_token_refresh:20:Token is still valid!:strava_service
INFO:04-01-2022 08:52:54:strava_service.py:check_for_token_refresh:20:Token is still valid!:strava_service
INFO:04-01-2022 09:04:54:strava_service.py:check_for_token_refresh:20:Token is still valid!:strava_service
INFO:04-01-2022 09:08:29:strava_service.py:check_for_token_refresh:20:Token is still valid!:strava_service
INFO:06-01-2022 06:07:39:strava_service.py:check_for_token_refresh:20:Token needs to be refreshed!:strava_service
INFO:06-01-2022 06:07:40:strava_service.py:refresh_access_token:20:New access and refresh tokens are generated:strava_service
INFO:06-01-2022 06:07:54:strava_service.py:check_for_token_refresh:20:Token is still valid!:strava_service
INFO:06-01-2022 06:22:22:strava_service.py:check_for_token_refresh:20:Token is still valid!:strava_service
INFO:06-01-2022 06:24:13:strava_service.py:check_for_token_refresh:20:Token is still valid!:strava_service
INFO:06-01-2022 06:25:36:strava_service.py:check_for_token_refresh:20:Token is still valid!:strava_service
INFO:06-01-2022 06:26:42:strava_service.py:check_for_token_refresh:20:Token is still valid!:strava_service
INFO:06-01-2022 06:26:56:strava_service.py:check_for_token_refresh:20:Token is still valid!:strava_service
INFO:06-01-2022 06:28:04:strava_service.py:check_for_token_refresh:20:Token is still valid!:strava_service
INFO:06-01-2022 06:28:36:strava_service.py:check_for_token_refresh:20:Token is still valid!:strava_service
INFO:06-01-2022 06:28:57:strava_service.py:check_for_token_refresh:20:Token is still valid!:strava_service
INFO:06-01-2022 06:29:18:strava_service.py:check_for_token_refresh:20:Token is still valid!:strava_service
INFO:06-01-2022 06:30:56:strava_service.py:check_for_token_refresh:20:Token is still valid!:strava_service
INFO:06-01-2022 06:31:29:strava_service.py:check_for_token_refresh:20:Token is still valid!:strava_service
INFO:06-01-2022 06:31:48:strava_service.py:check_for_token_refresh:20:Token is still valid!:strava_service
INFO:06-01-2022 06:34:34:strava_service.py:check_for_token_refresh:20:Token is still valid!:strava_service
INFO:06-01-2022 06:35:08:strava_service.py:check_for_token_refresh:20:Token is still valid!:strava_service
INFO:06-01-2022 06:36:20:strava_service.py:check_for_token_refresh:20:Token is still valid!:strava_service
INFO:06-01-2022 06:36:40:strava_service.py:check_for_token_refresh:20:Token is still valid!:strava_service
INFO:06-01-2022 06:40:12:strava_service.py:check_for_token_refresh:20:Token is still valid!:strava_service
INFO:06-01-2022 06:41:23:strava_service.py:check_for_token_refresh:20:Token is still valid!:strava_service
INFO:06-01-2022 08:41:36:strava_service.py:check_for_token_refresh:20:Token is still valid!:strava_service
INFO:06-01-2022 08:42:01:strava_service.py:check_for_token_refresh:20:Token is still valid!:strava_service
INFO:06-01-2022 08:53:34:strava_service.py:check_for_token_refresh:20:Token is still valid!:strava_service
INFO:07-01-2022 11:53:33:strava_service.py:check_for_token_refresh:20:Token needs to be refreshed!:strava_service
INFO:07-01-2022 11:53:33:strava_service.py:refresh_access_token:20:New access and refresh tokens are generated:strava_service
INFO:07-01-2022 11:53:42:strava_service.py:check_for_token_refresh:20:Token is still valid!:strava_service
INFO:07-01-2022 04:29:20:strava_service.py:check_for_token_refresh:20:Token is still valid!:strava_service
INFO:07-01-2022 04:30:03:strava_service.py:check_for_token_refresh:20:Token is still valid!:strava_service
INFO:07-01-2022 04:31:07:strava_service.py:check_for_token_refresh:20:Token is still valid!:strava_service
INFO:07-01-2022 04:31:15:strava_service.py:check_for_token_refresh:20:Token is still valid!:strava_service
INFO:07-01-2022 04:31:27:strava_service.py:check_for_token_refresh:20:Token is still valid!:strava_service
INFO:07-01-2022 04:31:33:strava_service.py:check_for_token_refresh:20:Token is still valid!:strava_service
INFO:07-01-2022 04:31:58:strava_service.py:check_for_token_refresh:20:Token is still valid!:strava_service
INFO:07-01-2022 04:37:39:strava_service.py:check_for_token_refresh:20:Token is still valid!:strava_service
INFO:07-01-2022 04:38:08:strava_service.py:check_for_token_refresh:20:Token is still valid!:strava_service
INFO:07-01-2022 04:40:05:strava_service.py:check_for_token_refresh:20:Token is still valid!:strava_service
INFO:07-01-2022 04:40:14:strava_service.py:check_for_token_refresh:20:Token is still valid!:strava_service
INFO:07-01-2022 04:45:21:strava_service.py:check_for_token_refresh:20:Token is still valid!:strava_service
INFO:07-01-2022 04:46:15:strava_service.py:check_for_token_refresh:20:Token is still valid!:strava_service
INFO:07-01-2022 04:46:37:strava_service.py:check_for_token_refresh:20:Token is still valid!:strava_service
INFO:07-01-2022 04:46:54:strava_service.py:check_for_token_refresh:20:Token is still valid!:strava_service
INFO:07-01-2022 04:47:17:strava_service.py:check_for_token_refresh:20:Token is still valid!:strava_service
INFO:07-01-2022 04:47:27:strava_service.py:check_for_token_refresh:20:Token is still valid!:strava_service
INFO:07-01-2022 04:48:11:strava_service.py:check_for_token_refresh:20:Token is still valid!:strava_service
INFO:07-01-2022 04:48:14:writing_to_db_sync.py:add_to_db:20:New record Morning Activity with id6486534164 was added to the db:writing_to_db_sync
INFO:07-01-2022 04:48:14:writing_to_db_sync.py:add_to_db:20:New record Night Activity with id6484599078 was added to the db:writing_to_db_sync
INFO:07-01-2022 04:54:08:strava_service.py:check_for_token_refresh:20:Token is still valid!:strava_service
INFO:07-01-2022 04:54:10:writing_to_db_sync.py:add_to_db:20:New record Morning Activity with id6486534164 was added to the db:writing_to_db_sync
INFO:07-01-2022 04:54:10:writing_to_db_sync.py:add_to_db:20:New record Night Activity with id6484599078 was added to the db:writing_to_db_sync
